<?xml version="1.0" encoding="UTF-8"?>
<testsuite name="com.ttb.wongnok.WongnokApplicationTests" tests="1" skipped="0" failures="0" errors="0" timestamp="2025-08-28T10:26:06.494Z" hostname="Anawatui-MacBookPro-2.local" time="0.407">
  <properties/>
  <testcase name="contextLoads()" classname="com.ttb.wongnok.WongnokApplicationTests" time="0.407"/>
  <system-out><![CDATA[17:26:03.818 [Test worker] INFO org.springframework.test.context.support.AnnotationConfigContextLoaderUtils -- Could not detect default configuration classes for test class [com.ttb.wongnok.WongnokApplicationTests]: WongnokApplicationTests does not declare any static, non-private, non-final, nested classes annotated with @Configuration.
17:26:03.882 [Test worker] INFO org.springframework.boot.test.context.SpringBootTestContextBootstrapper -- Found @SpringBootConfiguration com.ttb.wongnok.WongnokApplication for test class com.ttb.wongnok.WongnokApplicationTests

  .   ____          _            __ _ _
 /\\ / ___'_ __ _ _(_)_ __  __ _ \ \ \ \
( ( )\___ | '_ | '_| | '_ \/ _` | \ \ \ \
 \\/  ___)| |_)| | | | | || (_| |  ) ) ) )
  '  |____| .__|_| |_|_| |_\__, | / / / /
 =========|_|==============|___/=/_/_/_/

 :: Spring Boot ::                (v3.5.3)

2025-08-28T17:26:04+07:00 wongnok background-preinit INFO org.hibernate.validator.internal.util.Version [] [] - HV000001: Hibernate Validator 8.0.2.Final
2025-08-28T17:26:04+07:00 wongnok Test worker INFO com.ttb.wongnok.WongnokApplicationTests [] [] - Starting WongnokApplicationTests using Java 21.0.6 with PID 86621 (started by aon in /Users/aon/Documents/Work/SelfProject/wongnok-service-java)
2025-08-28T17:26:04+07:00 wongnok Test worker INFO com.ttb.wongnok.WongnokApplicationTests [] [] - No active profile set, falling back to 1 default profile: "default"
2025-08-28T17:26:04+07:00 wongnok Test worker INFO org.springframework.data.repository.config.RepositoryConfigurationDelegate [] [] - Bootstrapping Spring Data JPA repositories in DEFAULT mode.
2025-08-28T17:26:04+07:00 wongnok Test worker INFO org.springframework.data.repository.config.RepositoryConfigurationDelegate [] [] - Finished Spring Data repository scanning in 27 ms. Found 3 JPA repository interfaces.
2025-08-28T17:26:04+07:00 wongnok Test worker INFO com.zaxxer.hikari.HikariDataSource [] [] - HikariPool-1 - Starting...
2025-08-28T17:26:05+07:00 wongnok Test worker INFO com.zaxxer.hikari.pool.HikariPool [] [] - HikariPool-1 - Added connection org.postgresql.jdbc.PgConnection@2f471037
2025-08-28T17:26:05+07:00 wongnok Test worker INFO com.zaxxer.hikari.HikariDataSource [] [] - HikariPool-1 - Start completed.
2025-08-28T17:26:05+07:00 wongnok Test worker INFO org.hibernate.jpa.internal.util.LogHelper [] [] - HHH000204: Processing PersistenceUnitInfo [name: default]
2025-08-28T17:26:05+07:00 wongnok Test worker INFO org.hibernate.Version [] [] - HHH000412: Hibernate ORM core version 6.6.18.Final
2025-08-28T17:26:05+07:00 wongnok Test worker INFO org.hibernate.cache.internal.RegionFactoryInitiator [] [] - HHH000026: Second-level cache disabled
2025-08-28T17:26:05+07:00 wongnok Test worker INFO org.springframework.orm.jpa.persistenceunit.SpringPersistenceUnitInfo [] [] - No LoadTimeWeaver setup: ignoring JPA class transformer
2025-08-28T17:26:05+07:00 wongnok Test worker INFO org.hibernate.orm.connections.pooling [] [] - HHH10001005: Database info:
	Database JDBC URL [Connecting through datasource 'HikariDataSource (HikariPool-1)']
	Database driver: undefined/unknown
	Database version: 17.5
	Autocommit mode: undefined/unknown
	Isolation level: undefined/unknown
	Minimum pool size: undefined/unknown
	Maximum pool size: undefined/unknown
2025-08-28T17:26:05+07:00 wongnok Test worker INFO org.hibernate.engine.transaction.jta.platform.internal.JtaPlatformInitiator [] [] - HHH000489: No JTA platform available (set 'hibernate.transaction.jta.platform' to enable JTA platform integration)
2025-08-28T17:26:05+07:00 wongnok Test worker INFO org.springframework.orm.jpa.LocalContainerEntityManagerFactoryBean [] [] - Initialized JPA EntityManagerFactory for persistence unit 'default'
2025-08-28T17:26:06+07:00 wongnok Test worker WARN org.springframework.boot.autoconfigure.orm.jpa.JpaBaseConfiguration$JpaWebConfiguration [] [] - spring.jpa.open-in-view is enabled by default. Therefore, database queries may be performed during view rendering. Explicitly configure spring.jpa.open-in-view to disable this warning
2025-08-28T17:26:06+07:00 wongnok Test worker INFO com.ttb.wongnok.WongnokApplicationTests [] [] - Started WongnokApplicationTests in 2.518 seconds (process running for 3.166)
2025-08-28T17:26:06+07:00 wongnok Test worker INFO org.springframework.boot.autoconfigure.batch.JobLauncherApplicationRunner [] [] - Running default command line with: []
]]></system-out>
  <system-err><![CDATA[Mockito is currently self-attaching to enable the inline-mock-maker. This will no longer work in future releases of the JDK. Please add Mockito as an agent to your build as described in Mockito's documentation: https://javadoc.io/doc/org.mockito/mockito-core/latest/org.mockito/org/mockito/Mockito.html#0.3
WARNING: A Java agent has been loaded dynamically (/Users/aon/.gradle/caches/modules-2/files-2.1/net.bytebuddy/byte-buddy-agent/1.17.6/17b32fd9f57deef02842f7f05abc4ad8127fe34e/byte-buddy-agent-1.17.6.jar)
WARNING: If a serviceability tool is in use, please run with -XX:+EnableDynamicAgentLoading to hide this warning
WARNING: If a serviceability tool is not in use, please run with -Djdk.instrument.traceUsage for more information
WARNING: Dynamic loading of agents will be disallowed by default in a future release
]]></system-err>
</testsuite>
