<?xml version="1.0" encoding="UTF-8"?>
<testsuite name="com.ttb.wongnok.WongnokApplicationTests" tests="1" skipped="0" failures="1" errors="0" timestamp="2025-08-29T10:07:19.631Z" hostname="Anawatui-MacBookPro-2.local" time="0.01">
  <properties/>
  <testcase name="should test fail" classname="com.ttb.wongnok.WongnokApplicationTests" time="0.01">
    <failure message="java.lang.AssertionError" type="java.lang.AssertionError">java.lang.AssertionError
	at com.ttb.wongnok.WongnokApplicationTests.case1(WongnokApplicationTests.java:12)
	at java.base/java.lang.reflect.Method.invoke(Method.java:580)
	at java.base/java.util.ArrayList.forEach(ArrayList.java:1596)
	at java.base/java.util.ArrayList.forEach(ArrayList.java:1596)
</failure>
  </testcase>
  <system-out><![CDATA[]]></system-out>
  <system-err><![CDATA[]]></system-err>
</testsuite>
