<?xml version="1.0" encoding="UTF-8"?>
<testsuite name="com.ttb.wongnok.WongnokApplicationTests" tests="1" skipped="0" failures="0" errors="0" timestamp="2025-08-29T10:08:31.193Z" hostname="Anawatui-MacBookPro-2.local" time="0.007">
  <properties/>
  <testcase name="should test fail" classname="com.ttb.wongnok.WongnokApplicationTests" time="0.007"/>
  <system-out><![CDATA[]]></system-out>
  <system-err><![CDATA[]]></system-err>
</testsuite>
